#
# A fatal error has been detected by the Java Runtime Environment:
#
#  SIGSEGV (0xb) at pc=0x0000000103281366, pid=714, tid=20739
#
# JRE version: Java(TM) SE Runtime Environment (7.0_79-b15) (build 1.7.0_79-b15)
# Java VM: Java HotSpot(TM) 64-Bit Server VM (24.79-b02 mixed mode bsd-amd64 compressed oops)
# Problematic frame:
# J 91 C2 com.android.dx.rop.code.BasicBlockList.get(I)Lcom/android/dx/rop/code/BasicBlock; (9 bytes) @ 0x0000000103281366 [0x0000000103281320+0x46]
#
# Failed to write core dump. Core dumps have been disabled. To enable core dumping, try "ulimit -c unlimited" before starting Java again
#
# If you would like to submit a bug report, please visit:
#   http://bugreport.java.com/bugreport/crash.jsp
#

---------------  T H R E A D  ---------------

Current thread (0x00007fb9428c2800):  JavaThread "pool-1-thread-3" [_thread_in_Java, id=20739, stack(0x0000700001250000,0x0000700001350000)]

siginfo:si_signo=SIGSEGV: si_errno=0, si_code=1 (SEGV_MAPERR), si_addr=0x00000007ac00bcc0

Registers:
RAX=0x00000007bb292160, RBX=0x00000007bb292160, RCX=0x00000007ec00de40, RDX=0x0000000000000019
RSP=0x000070000134f110, RBP=0x00000000f5801797, RSI=0x00000007ec00de40, RDI=0x00007fb9428c2800
R8 =0x0000000000000024, R9 =0x000000010241caec, R10=0x00000007ec00de60, R11=0x00000007ec00de40
R12=0x0000000000000000, R13=0x000070000134f150, R14=0x000070000134f1f0, R15=0x00007fb9428c2800
RIP=0x0000000103281366, EFLAGS=0x0000000000010206, ERR=0x0000000000000004
  TRAPNO=0x000000000000000e

Top of Stack: (sp=0x000070000134f110)
0x000070000134f110:   00000007bb294810 000070000134f158
0x000070000134f120:   00000007bb295238 00000007bb37c6c0
0x000070000134f130:   000070000134f1a0 0000000103206233
0x000070000134f140:   000070000134f158 0000000103206233
0x000070000134f150:   0000000000000019 00000007ec00de40
0x000070000134f160:   000070000134f160 00000007bb2ad3c7
0x000070000134f170:   000070000134f1f0 00000007bb2b0bd8
0x000070000134f180:   00000007bb37b7a0 00000007bb2ad508
0x000070000134f190:   000070000134f150 000070000134f1e0
0x000070000134f1a0:   000070000134f238 0000000103206233
0x000070000134f1b0:   0000000000000000 0000000000000000
0x000070000134f1c0:   0000000000000000 0000000000000000
0x000070000134f1d0:   0000000000000000 00000007ec00de40
0x000070000134f1e0:   00000007ec00eb08 0000000000000019
0x000070000134f1f0:   00000007ec00e540 000070000134f1f8
0x000070000134f200:   00000007bb2a218d 000070000134f270
0x000070000134f210:   00000007bb2a9c00 00000007bb39c6b0
0x000070000134f220:   00000007bb2a2248 000070000134f1e0
0x000070000134f230:   000070000134f268 000070000134f2b8
0x000070000134f240:   0000000103206058 00000007ec012c60
0x000070000134f250:   0000000000000019 0000000000000024
0x000070000134f260:   00000007ec00de40 00000007ec00e540
0x000070000134f270:   00000007ec00eb08 000070000134f278
0x000070000134f280:   00000007bb2a1c65 000070000134f2e0
0x000070000134f290:   00000007bb2a9c00 0000000000000000
0x000070000134f2a0:   00000007bb2a1ca8 000070000134f268
0x000070000134f2b0:   000070000134f2d0 000070000134f328
0x000070000134f2c0:   0000000103206233 00000007ec00eb08
0x000070000134f2d0:   0000000000000000 0000000000000002
0x000070000134f2e0:   00000007ec00e540 000070000134f2e8
0x000070000134f2f0:   00000007bb29eda3 000070000134f358
0x000070000134f300:   00000007bb2a00f0 0000000000000000 

Instructions: (pc=0x0000000103281366)
0x0000000103281346:   ff 55 48 83 ec 20 4c 8b de 44 8b 56 10 47 8b 44
0x0000000103281356:   d4 0c 41 3b d0 73 27 49 c1 e2 03 41 8b 6c 92 10
0x0000000103281366:   45 8b 54 ec 08 41 81 fa e9 1e 65 f7 75 2d 49 8d
0x0000000103281376:   04 ec 48 83 c4 20 5d 85 05 7d bc 6e ff c3 be e4 

Register to memory mapping:

RAX=0x00000007bb292160 is an oop
{method} 
 - klass: {other class}
RBX=0x00000007bb292160 is an oop
{method} 
 - klass: {other class}
RCX=0x00000007ec00de40 is an oop
com.android.dx.rop.code.BasicBlockList 
 - klass: 'com/android/dx/rop/code/BasicBlockList'
RDX=0x0000000000000019 is an unknown value
RSP=0x000070000134f110 is pointing into the stack for thread: 0x00007fb9428c2800
RBP=0x00000000f5801797 is an unknown value
RSI=0x00000007ec00de40 is an oop
com.android.dx.rop.code.BasicBlockList 
 - klass: 'com/android/dx/rop/code/BasicBlockList'
RDI=0x00007fb9428c2800 is a thread
R8 =0x0000000000000024 is an unknown value
R9 =0x000000010241caec: _ZN26YieldingFlexibleGangWorkerD1Ev+0x12a92 in /Library/Java/JavaVirtualMachines/jdk1.7.0_79.jdk/Contents/Home/jre/lib/server/libjvm.dylib at 0x0000000101ec9000
R10=0x00000007ec00de60 is an oop
[Ljava.lang.Object; 
 - klass: 'java/lang/Object'[]
 - length: 36
R11=0x00000007ec00de40 is an oop
com.android.dx.rop.code.BasicBlockList 
 - klass: 'com/android/dx/rop/code/BasicBlockList'
R12=0x0000000000000000 is an unknown value
R13=0x000070000134f150 is pointing into the stack for thread: 0x00007fb9428c2800
R14=0x000070000134f1f0 is pointing into the stack for thread: 0x00007fb9428c2800
R15=0x00007fb9428c2800 is a thread


Stack: [0x0000700001250000,0x0000700001350000],  sp=0x000070000134f110,  free space=1020k
Native frames: (J=compiled Java code, j=interpreted, Vv=VM code, C=native code)
J 91 C2 com.android.dx.rop.code.BasicBlockList.get(I)Lcom/android/dx/rop/code/BasicBlock; (9 bytes) @ 0x0000000103281366 [0x0000000103281320+0x46]
j  com.android.dx.ssa.SsaBasicBlock.newFromRop(Lcom/android/dx/rop/code/RopMethod;ILcom/android/dx/ssa/SsaMethod;)Lcom/android/dx/ssa/SsaBasicBlock;+7
j  com.android.dx.ssa.SsaMethod.convertRopToSsaBlocks(Lcom/android/dx/rop/code/RopMethod;)V+37
j  com.android.dx.ssa.SsaMethod.newFromRopMethod(Lcom/android/dx/rop/code/RopMethod;IZ)Lcom/android/dx/ssa/SsaMethod;+13
j  com.android.dx.ssa.SsaConverter.convertToSsaMethod(Lcom/android/dx/rop/code/RopMethod;IZ)Lcom/android/dx/ssa/SsaMethod;+3
j  com.android.dx.ssa.Optimizer.optimize(Lcom/android/dx/rop/code/RopMethod;IZZLcom/android/dx/rop/code/TranslationAdvice;Ljava/util/EnumSet;)Lcom/android/dx/rop/code/RopMethod;+15
j  com.android.dx.ssa.Optimizer.optimize(Lcom/android/dx/rop/code/RopMethod;IZZLcom/android/dx/rop/code/TranslationAdvice;)Lcom/android/dx/rop/code/RopMethod;+12
j  com.android.dx.dex.cf.CfTranslator.processMethods(Lcom/android/dx/cf/direct/DirectClassFile;Lcom/android/dx/dex/cf/CfOptions;Lcom/android/dx/dex/DexOptions;Lcom/android/dx/dex/file/ClassDefItem;Lcom/android/dx/dex/file/DexFile;)V+265
j  com.android.dx.dex.cf.CfTranslator.translate0(Lcom/android/dx/cf/direct/DirectClassFile;[BLcom/android/dx/dex/cf/CfOptions;Lcom/android/dx/dex/DexOptions;Lcom/android/dx/dex/file/DexFile;)Lcom/android/dx/dex/file/ClassDefItem;+120
j  com.android.dx.dex.cf.CfTranslator.translate(Lcom/android/dx/cf/direct/DirectClassFile;[BLcom/android/dx/dex/cf/CfOptions;Lcom/android/dx/dex/DexOptions;Lcom/android/dx/dex/file/DexFile;)Lcom/android/dx/dex/file/ClassDefItem;+6
j  com.android.dx.command.dexer.Main.translateClass([BLcom/android/dx/cf/direct/DirectClassFile;)Lcom/android/dx/dex/file/ClassDefItem;+17
j  com.android.dx.command.dexer.Main.access$2700([BLcom/android/dx/cf/direct/DirectClassFile;)Lcom/android/dx/dex/file/ClassDefItem;+2
j  com.android.dx.command.dexer.Main$ClassTranslatorTask.call()Lcom/android/dx/dex/file/ClassDefItem;+8
j  com.android.dx.command.dexer.Main$ClassTranslatorTask.call()Ljava/lang/Object;+1
j  java.util.concurrent.FutureTask.run()V+42
j  java.util.concurrent.ThreadPoolExecutor.runWorker(Ljava/util/concurrent/ThreadPoolExecutor$Worker;)V+95
j  java.util.concurrent.ThreadPoolExecutor$Worker.run()V+5
j  java.lang.Thread.run()V+11
v  ~StubRoutines::call_stub
V  [libjvm.dylib+0x2dbef8]  JavaCalls::call_helper(JavaValue*, methodHandle*, JavaCallArguments*, Thread*)+0x22a
V  [libjvm.dylib+0x2dc40f]  JavaCalls::call_virtual(JavaValue*, KlassHandle, Symbol*, Symbol*, JavaCallArguments*, Thread*)+0x11b
V  [libjvm.dylib+0x2dc54c]  JavaCalls::call_virtual(JavaValue*, Handle, KlassHandle, Symbol*, Symbol*, Thread*)+0x4a
V  [libjvm.dylib+0x32b43a]  thread_entry(JavaThread*, Thread*)+0xad
V  [libjvm.dylib+0x4f759d]  JavaThread::thread_main_inner()+0x9b
V  [libjvm.dylib+0x4f8ca5]  JavaThread::run()+0x1a3
V  [libjvm.dylib+0x421c4e]  java_start(Thread*)+0x126
C  [libsystem_pthread.dylib+0x39b1]  _pthread_body+0x83
C  [libsystem_pthread.dylib+0x392e]  _pthread_body+0x0
C  [libsystem_pthread.dylib+0x1385]  thread_start+0xd


---------------  P R O C E S S  ---------------

Java Threads: ( => current thread )
  0x00007fb94303e800 JavaThread "pool-1-thread-4" [_thread_in_Java, id=21251, stack(0x0000700001353000,0x0000700001453000)]
=>0x00007fb9428c2800 JavaThread "pool-1-thread-3" [_thread_in_Java, id=20739, stack(0x0000700001250000,0x0000700001350000)]
  0x00007fb941804800 JavaThread "pool-1-thread-2" [_thread_blocked, id=20227, stack(0x000070000114d000,0x000070000124d000)]
  0x00007fb94305a800 JavaThread "pool-2-thread-1" [_thread_blocked, id=19715, stack(0x000070000104a000,0x000070000114a000)]
  0x00007fb94304b000 JavaThread "pool-1-thread-1" [_thread_in_Java, id=19203, stack(0x0000700000f47000,0x0000700001047000)]
  0x00007fb942007000 JavaThread "Service Thread" daemon [_thread_blocked, id=18179, stack(0x0000700000d41000,0x0000700000e41000)]
  0x00007fb943011000 JavaThread "C2 CompilerThread1" daemon [_thread_in_native, id=17667, stack(0x0000700000c3e000,0x0000700000d3e000)]
  0x00007fb94283f000 JavaThread "C2 CompilerThread0" daemon [_thread_in_native, id=17155, stack(0x0000700000b3b000,0x0000700000c3b000)]
  0x00007fb942849000 JavaThread "Signal Dispatcher" daemon [_thread_blocked, id=13071, stack(0x0000700000a38000,0x0000700000b38000)]
  0x00007fb942020800 JavaThread "Finalizer" daemon [_thread_blocked, id=12291, stack(0x000070000082f000,0x000070000092f000)]
  0x00007fb942020000 JavaThread "Reference Handler" daemon [_thread_blocked, id=11779, stack(0x000070000072c000,0x000070000082c000)]
  0x00007fb942806000 JavaThread "main" [_thread_in_vm, id=5891, stack(0x000070000011a000,0x000070000021a000)]

Other Threads:
  0x00007fb942832000 VMThread [stack: 0x0000700000629000,0x0000700000729000] [id=11267]
  0x00007fb942022800 WatcherThread [stack: 0x0000700000e44000,0x0000700000f44000] [id=18691]

VM state:not at safepoint (normal execution)

VM Mutex/Monitor currently owned by a thread: None

Heap
 PSYoungGen      total 38912K, used 29521K [0x00000007eaa80000, 0x00000007ed580000, 0x0000000800000000)
  eden space 33792K, 72% used [0x00000007eaa80000,0x00000007ec25c128,0x00000007ecb80000)
  from space 5120K, 99% used [0x00000007ecb80000,0x00000007ed0783b0,0x00000007ed080000)
  to   space 5120K, 0% used [0x00000007ed080000,0x00000007ed080000,0x00000007ed580000)
 ParOldGen       total 87040K, used 757K [0x00000007c0000000, 0x00000007c5500000, 0x00000007eaa80000)
  object space 87040K, 0% used [0x00000007c0000000,0x00000007c00bd6d8,0x00000007c5500000)
 PSPermGen       total 21504K, used 5865K [0x00000007bae00000, 0x00000007bc300000, 0x00000007c0000000)
  object space 21504K, 27% used [0x00000007bae00000,0x00000007bb3ba4d0,0x00000007bc300000)

Card table byte_map: [0x00000001062c0000,0x00000001064ea000] byte_map_base: 0x00000001024e9000

Polling page: 0x000000010296d000

Code Cache  [0x0000000103200000, 0x0000000103470000, 0x0000000106200000)
 total_blobs=422 nmethods=193 adapters=183 free_code_cache=48395Kb largest_free_block=49520192

Compilation events (10 events):
Event: 2.808 Thread 0x00007fb943011000 nmethod 182 0x00000001032a1ed0 code [0x00000001032a2040, 0x00000001032a22e8]
Event: 2.808 Thread 0x00007fb943011000  187             com.android.dx.ssa.SsaMethod::forEachBlockDepthFirst (194 bytes)
Event: 3.374 Thread 0x00007fb94283f000 nmethod 186 0x00000001032b9cd0 code [0x00000001032ba0a0, 0x00000001032bc3e0]
Event: 3.374 Thread 0x00007fb94283f000  188             java.lang.Float::isNaN (12 bytes)
Event: 3.374 Thread 0x00007fb94283f000 nmethod 188 0x00000001032a4750 code [0x00000001032a4880, 0x00000001032a48d8]
Event: 3.374 Thread 0x00007fb94283f000  189             java.util.HashMap::<init> (119 bytes)
Event: 3.376 Thread 0x00007fb94283f000 nmethod 189 0x00000001032a1bd0 code [0x00000001032a1d20, 0x00000001032a1e18]
Event: 3.376 Thread 0x00007fb94283f000  190             java.util.HashMap::init (1 bytes)
Event: 3.376 Thread 0x00007fb94283f000 nmethod 190 0x00000001032a2510 code [0x00000001032a2640, 0x00000001032a2698]
Event: 3.376 Thread 0x00007fb94283f000  191             com.android.dx.ssa.SsaRenamer$BlockRenamer::process (191 bytes)

GC Heap History (2 events):
Event: 1.927 GC heap before
{Heap before GC invocations=1 (full 0):
 PSYoungGen      total 38912K, used 33792K [0x00000007eaa80000, 0x00000007ed580000, 0x0000000800000000)
  eden space 33792K, 100% used [0x00000007eaa80000,0x00000007ecb80000,0x00000007ecb80000)
  from space 5120K, 0% used [0x00000007ed080000,0x00000007ed080000,0x00000007ed580000)
  to   space 5120K, 0% used [0x00000007ecb80000,0x00000007ecb80000,0x00000007ed080000)
 ParOldGen       total 87040K, used 0K [0x00000007c0000000, 0x00000007c5500000, 0x00000007eaa80000)
  object space 87040K, 0% used [0x00000007c0000000,0x00000007c0000000,0x00000007c5500000)
 PSPermGen       total 21504K, used 5707K [0x00000007bae00000, 0x00000007bc300000, 0x00000007c0000000)
  object space 21504K, 26% used [0x00000007bae00000,0x00000007bb392f18,0x00000007bc300000)
Event: 1.938 GC heap after
Heap after GC invocations=1 (full 0):
 PSYoungGen      total 38912K, used 5088K [0x00000007eaa80000, 0x00000007ed580000, 0x0000000800000000)
  eden space 33792K, 0% used [0x00000007eaa80000,0x00000007eaa80000,0x00000007ecb80000)
  from space 5120K, 99% used [0x00000007ecb80000,0x00000007ed0783b0,0x00000007ed080000)
  to   space 5120K, 0% used [0x00000007ed080000,0x00000007ed080000,0x00000007ed580000)
 ParOldGen       total 87040K, used 757K [0x00000007c0000000, 0x00000007c5500000, 0x00000007eaa80000)
  object space 87040K, 0% used [0x00000007c0000000,0x00000007c00bd6d8,0x00000007c5500000)
 PSPermGen       total 21504K, used 5707K [0x00000007bae00000, 0x00000007bc300000, 0x00000007c0000000)
  object space 21504K, 26% used [0x00000007bae00000,0x00000007bb392f18,0x00000007bc300000)
}

Deoptimization events (2 events):
Event: 1.419 Thread 0x00007fb941804800 Uncommon trap: reason=unreached action=reinterpret pc=0x0000000103284398 method=com.android.dx.rop.cst.Constant.compareTo(Lcom/android/dx/rop/cst/Constant;)I @ 12
Event: 2.096 Thread 0x00007fb9428c2800 Uncommon trap: reason=null_check action=make_not_entrant pc=0x0000000103296b68 method=com.android.dx.rop.type.Type.equals(Ljava/lang/Object;)Z @ 8

Internal exceptions (10 events):
Event: 0.909 Thread 0x00007fb942806000 Threw 0x00000007ebd452c0 at /HUDSON/workspace/7u-2-build-macosx-x86_64/jdk7u79/2331/hotspot/src/share/vm/prims/jvm.cpp:1304
Event: 1.105 Thread 0x00007fb94304b000 Threw 0x00000007ebe0bf98 at /HUDSON/workspace/7u-2-build-macosx-x86_64/jdk7u79/2331/hotspot/src/share/vm/prims/jvm.cpp:1304
Event: 2.096 Thread 0x00007fb9428c2800 Implicit null exception at 0x0000000103296a62 to 0x0000000103296b5b
Event: 2.431 Thread 0x00007fb942806000 Threw 0x00000007eb3b3658 at /HUDSON/workspace/7u-2-build-macosx-x86_64/jdk7u79/2331/hotspot/src/share/vm/prims/jvm.cpp:1304
Event: 2.432 Thread 0x00007fb942806000 Threw 0x00000007eb3bed18 at /HUDSON/workspace/7u-2-build-macosx-x86_64/jdk7u79/2331/hotspot/src/share/vm/prims/jvm.cpp:1304
Event: 2.433 Thread 0x00007fb942806000 Threw 0x00000007eb3c26c0 at /HUDSON/workspace/7u-2-build-macosx-x86_64/jdk7u79/2331/hotspot/src/share/vm/prims/jvm.cpp:1304
Event: 2.500 Thread 0x00007fb942806000 Threw 0x00000007eb453d68 at /HUDSON/workspace/7u-2-build-macosx-x86_64/jdk7u79/2331/hotspot/src/share/vm/prims/jvm.cpp:1304
Event: 2.681 Thread 0x00007fb9428c2800 Threw 0x00000007eb6bba00 at /HUDSON/workspace/7u-2-build-macosx-x86_64/jdk7u79/2331/hotspot/src/share/vm/prims/jvm.cpp:1304
Event: 2.682 Thread 0x00007fb9428c2800 Threw 0x00000007eb6c2388 at /HUDSON/workspace/7u-2-build-macosx-x86_64/jdk7u79/2331/hotspot/src/share/vm/prims/jvm.cpp:1304
Event: 2.683 Thread 0x00007fb9428c2800 Threw 0x00000007eb6c8bc8 at /HUDSON/workspace/7u-2-build-macosx-x86_64/jdk7u79/2331/hotspot/src/share/vm/prims/jvm.cpp:1304

Events (10 events):
Event: 2.433 loading class 0x00007fb941421120
Event: 2.433 loading class 0x00007fb941421120 done
Event: 2.499 loading class 0x00007fb9416110c0
Event: 2.500 loading class 0x00007fb9416110c0 done
Event: 2.681 loading class 0x00007fb941410850
Event: 2.681 loading class 0x00007fb941410850 done
Event: 2.682 loading class 0x00007fb941553ac0
Event: 2.682 loading class 0x00007fb941553ac0 done
Event: 2.683 loading class 0x00007fb941553a80
Event: 2.683 loading class 0x00007fb941553a80 done


Dynamic libraries:
0x00000000073bc000 	/System/Library/Frameworks/Cocoa.framework/Versions/A/Cocoa
0x00000000073bc000 	/System/Library/Frameworks/Security.framework/Versions/A/Security
0x00000000073bc000 	/System/Library/Frameworks/ApplicationServices.framework/Versions/A/ApplicationServices
0x00000000073bc000 	/usr/lib/libz.1.dylib
0x00000000073bc000 	/usr/lib/libSystem.B.dylib
0x00000000073bc000 	/usr/lib/libobjc.A.dylib
0x00000000073bc000 	/System/Library/Frameworks/CoreFoundation.framework/Versions/A/CoreFoundation
0x00000000073bc000 	/System/Library/Frameworks/Foundation.framework/Versions/C/Foundation
0x00000000073bc000 	/System/Library/Frameworks/AppKit.framework/Versions/C/AppKit
0x00000000073bc000 	/System/Library/Frameworks/CoreData.framework/Versions/A/CoreData
0x00000000073bc000 	/System/Library/PrivateFrameworks/RemoteViewServices.framework/Versions/A/RemoteViewServices
0x00000000073bc000 	/System/Library/PrivateFrameworks/UIFoundation.framework/Versions/A/UIFoundation
0x00000000073bc000 	/usr/lib/libScreenReader.dylib
0x00000000073bc000 	/System/Library/Frameworks/Accelerate.framework/Versions/A/Accelerate
0x00000000073bc000 	/System/Library/Frameworks/IOSurface.framework/Versions/A/IOSurface
0x00000000073bc000 	/System/Library/Frameworks/AudioToolbox.framework/Versions/A/AudioToolbox
0x00000000073bc000 	/System/Library/Frameworks/AudioUnit.framework/Versions/A/AudioUnit
0x00000000073bc000 	/System/Library/PrivateFrameworks/DataDetectorsCore.framework/Versions/A/DataDetectorsCore
0x00000000073bc000 	/System/Library/PrivateFrameworks/DesktopServicesPriv.framework/Versions/A/DesktopServicesPriv
0x00000000073bc000 	/System/Library/Frameworks/Carbon.framework/Versions/A/Frameworks/HIToolbox.framework/Versions/A/HIToolbox
0x00000000073bc000 	/System/Library/Frameworks/QuartzCore.framework/Versions/A/QuartzCore
0x00000000073bc000 	/System/Library/Frameworks/Carbon.framework/Versions/A/Frameworks/SpeechRecognition.framework/Versions/A/SpeechRecognition
0x00000000073bc000 	/usr/lib/libauto.dylib
0x00000000073bc000 	/usr/lib/libicucore.A.dylib
0x00000000073bc000 	/usr/lib/libxml2.2.dylib
0x00000000073bc000 	/System/Library/PrivateFrameworks/CoreUI.framework/Versions/A/CoreUI
0x00000000073bc000 	/System/Library/Frameworks/CoreAudio.framework/Versions/A/CoreAudio
0x00000000073bc000 	/System/Library/Frameworks/DiskArbitration.framework/Versions/A/DiskArbitration
0x00000000073bc000 	/usr/lib/liblangid.dylib
0x00000000073bc000 	/System/Library/PrivateFrameworks/MultitouchSupport.framework/Versions/A/MultitouchSupport
0x00000000073bc000 	/System/Library/Frameworks/IOKit.framework/Versions/A/IOKit
0x00000000073bc000 	/usr/lib/libDiagnosticMessagesClient.dylib
0x00000000073bc000 	/System/Library/Frameworks/CoreServices.framework/Versions/A/CoreServices
0x00000000073bc000 	/System/Library/PrivateFrameworks/PerformanceAnalysis.framework/Versions/A/PerformanceAnalysis
0x00000000073bc000 	/System/Library/PrivateFrameworks/GenerationalStorage.framework/Versions/A/GenerationalStorage
0x00000000073bc000 	/System/Library/Frameworks/OpenGL.framework/Versions/A/OpenGL
0x00000000073bc000 	/System/Library/PrivateFrameworks/Sharing.framework/Versions/A/Sharing
0x00000000073bc000 	/System/Library/Frameworks/CoreGraphics.framework/Versions/A/CoreGraphics
0x00000000073bc000 	/System/Library/Frameworks/CoreImage.framework/Versions/A/CoreImage
0x00000000073bc000 	/System/Library/Frameworks/CoreText.framework/Versions/A/CoreText
0x00000000073bc000 	/System/Library/Frameworks/ImageIO.framework/Versions/A/ImageIO
0x00000000073bc000 	/System/Library/PrivateFrameworks/Backup.framework/Versions/A/Backup
0x00000000073bc000 	/usr/lib/libextension.dylib
0x00000000073bc000 	/usr/lib/libarchive.2.dylib
0x00000000073bc000 	/System/Library/Frameworks/CFNetwork.framework/Versions/A/CFNetwork
0x00000000073bc000 	/System/Library/Frameworks/SystemConfiguration.framework/Versions/A/SystemConfiguration
0x00000000073bc000 	/usr/lib/libCRFSuite.dylib
0x00000000073bc000 	/usr/lib/libc++.1.dylib
0x00000000073bc000 	/usr/lib/libc++abi.dylib
0x00000000073bc000 	/usr/lib/system/libcache.dylib
0x00000000073bc000 	/usr/lib/system/libcommonCrypto.dylib
0x00000000073bc000 	/usr/lib/system/libcompiler_rt.dylib
0x00000000073bc000 	/usr/lib/system/libcopyfile.dylib
0x00000000073bc000 	/usr/lib/system/libcorecrypto.dylib
0x00000000073bc000 	/usr/lib/system/libdispatch.dylib
0x00000000073bc000 	/usr/lib/system/libdyld.dylib
0x00000000073bc000 	/usr/lib/system/libkeymgr.dylib
0x00000000073bc000 	/usr/lib/system/liblaunch.dylib
0x00000000073bc000 	/usr/lib/system/libmacho.dylib
0x00000000073bc000 	/usr/lib/system/libquarantine.dylib
0x00000000073bc000 	/usr/lib/system/libremovefile.dylib
0x00000000073bc000 	/usr/lib/system/libsystem_asl.dylib
0x00000000073bc000 	/usr/lib/system/libsystem_blocks.dylib
0x00000000073bc000 	/usr/lib/system/libsystem_c.dylib
0x00000000073bc000 	/usr/lib/system/libsystem_configuration.dylib
0x00000000073bc000 	/usr/lib/system/libsystem_coreservices.dylib
0x00000000073bc000 	/usr/lib/system/libsystem_coretls.dylib
0x00000000073bc000 	/usr/lib/system/libsystem_dnssd.dylib
0x00000000073bc000 	/usr/lib/system/libsystem_info.dylib
0x00000000073bc000 	/usr/lib/system/libsystem_kernel.dylib
0x00000000073bc000 	/usr/lib/system/libsystem_m.dylib
0x00000000073bc000 	/usr/lib/system/libsystem_malloc.dylib
0x00000000073bc000 	/usr/lib/system/libsystem_network.dylib
0x00000000073bc000 	/usr/lib/system/libsystem_networkextension.dylib
0x00000000073bc000 	/usr/lib/system/libsystem_notify.dylib
0x00000000073bc000 	/usr/lib/system/libsystem_platform.dylib
0x00000000073bc000 	/usr/lib/system/libsystem_pthread.dylib
0x00000000073bc000 	/usr/lib/system/libsystem_sandbox.dylib
0x00000000073bc000 	/usr/lib/system/libsystem_secinit.dylib
0x00000000073bc000 	/usr/lib/system/libsystem_trace.dylib
0x00000000073bc000 	/usr/lib/system/libunc.dylib
0x00000000073bc000 	/usr/lib/system/libunwind.dylib
0x00000000073bc000 	/usr/lib/system/libxpc.dylib
0x00000000073bc000 	/usr/lib/libenergytrace.dylib
0x00000000073bc000 	/usr/lib/libbsm.0.dylib
0x00000000073bc000 	/usr/lib/system/libkxld.dylib
0x00000000073bc000 	/usr/lib/libxar.1.dylib
0x00000000073bc000 	/usr/lib/libsqlite3.dylib
0x00000000073bc000 	/usr/lib/libpam.2.dylib
0x00000000073bc000 	/usr/lib/libOpenScriptingUtil.dylib
0x00000000073bc000 	/usr/lib/libbz2.1.0.dylib
0x00000000073bc000 	/usr/lib/liblzma.5.dylib
0x00000000073bc000 	/System/Library/Frameworks/CoreServices.framework/Versions/A/Frameworks/FSEvents.framework/Versions/A/FSEvents
0x00000000073bc000 	/System/Library/Frameworks/CoreServices.framework/Versions/A/Frameworks/CarbonCore.framework/Versions/A/CarbonCore
0x00000000073bc000 	/System/Library/Frameworks/CoreServices.framework/Versions/A/Frameworks/Metadata.framework/Versions/A/Metadata
0x00000000073bc000 	/System/Library/Frameworks/CoreServices.framework/Versions/A/Frameworks/OSServices.framework/Versions/A/OSServices
0x00000000073bc000 	/System/Library/Frameworks/CoreServices.framework/Versions/A/Frameworks/SearchKit.framework/Versions/A/SearchKit
0x00000000073bc000 	/System/Library/Frameworks/CoreServices.framework/Versions/A/Frameworks/AE.framework/Versions/A/AE
0x00000000073bc000 	/System/Library/Frameworks/CoreServices.framework/Versions/A/Frameworks/LaunchServices.framework/Versions/A/LaunchServices
0x00000000073bc000 	/System/Library/Frameworks/CoreServices.framework/Versions/A/Frameworks/DictionaryServices.framework/Versions/A/DictionaryServices
0x00000000073bc000 	/System/Library/Frameworks/CoreServices.framework/Versions/A/Frameworks/SharedFileList.framework/Versions/A/SharedFileList
0x00000000073bc000 	/System/Library/Frameworks/NetFS.framework/Versions/A/NetFS
0x00000000073bc000 	/System/Library/PrivateFrameworks/NetAuth.framework/Versions/A/NetAuth
0x00000000073bc000 	/System/Library/PrivateFrameworks/login.framework/Versions/A/Frameworks/loginsupport.framework/Versions/A/loginsupport
0x00000000073bc000 	/System/Library/PrivateFrameworks/TCC.framework/Versions/A/TCC
0x00000000073bc000 	/usr/lib/libmecabra.dylib
0x00000000073bc000 	/System/Library/Frameworks/ApplicationServices.framework/Versions/A/Frameworks/ATS.framework/Versions/A/ATS
0x00000000073bc000 	/System/Library/Frameworks/ApplicationServices.framework/Versions/A/Frameworks/ColorSync.framework/Versions/A/ColorSync
0x00000000073bc000 	/System/Library/Frameworks/ApplicationServices.framework/Versions/A/Frameworks/HIServices.framework/Versions/A/HIServices
0x00000000073bc000 	/System/Library/Frameworks/ApplicationServices.framework/Versions/A/Frameworks/LangAnalysis.framework/Versions/A/LangAnalysis
0x00000000073bc000 	/System/Library/Frameworks/ApplicationServices.framework/Versions/A/Frameworks/PrintCore.framework/Versions/A/PrintCore
0x00000000073bc000 	/System/Library/Frameworks/ApplicationServices.framework/Versions/A/Frameworks/QD.framework/Versions/A/QD
0x00000000073bc000 	/System/Library/Frameworks/ApplicationServices.framework/Versions/A/Frameworks/SpeechSynthesis.framework/Versions/A/SpeechSynthesis
0x00000000073bc000 	/System/Library/Frameworks/Metal.framework/Versions/A/Metal
0x00000000073bc000 	/System/Library/Frameworks/Accelerate.framework/Versions/A/Frameworks/vImage.framework/Versions/A/vImage
0x00000000073bc000 	/System/Library/Frameworks/Accelerate.framework/Versions/A/Frameworks/vecLib.framework/Versions/A/vecLib
0x00000000073bc000 	/System/Library/Frameworks/Accelerate.framework/Versions/A/Frameworks/vecLib.framework/Versions/A/libvDSP.dylib
0x00000000073bc000 	/System/Library/Frameworks/Accelerate.framework/Versions/A/Frameworks/vecLib.framework/Versions/A/libvMisc.dylib
0x00000000073bc000 	/System/Library/Frameworks/Accelerate.framework/Versions/A/Frameworks/vecLib.framework/Versions/A/libLAPACK.dylib
0x00000000073bc000 	/System/Library/Frameworks/Accelerate.framework/Versions/A/Frameworks/vecLib.framework/Versions/A/libBLAS.dylib
0x00000000073bc000 	/System/Library/Frameworks/Accelerate.framework/Versions/A/Frameworks/vecLib.framework/Versions/A/libLinearAlgebra.dylib
0x00000000073bc000 	/System/Library/Frameworks/Accelerate.framework/Versions/A/Frameworks/vecLib.framework/Versions/A/libSparseBLAS.dylib
0x00000000073bc000 	/System/Library/PrivateFrameworks/GPUCompiler.framework/libmetal_timestamp.dylib
0x00000000073bc000 	/System/Library/Frameworks/OpenGL.framework/Versions/A/Libraries/libCoreFSCache.dylib
0x00000000073bc000 	/System/Library/PrivateFrameworks/IOAccelerator.framework/Versions/A/IOAccelerator
0x00000000073bc000 	/System/Library/Frameworks/ApplicationServices.framework/Versions/A/Frameworks/ATS.framework/Versions/A/Resources/libFontParser.dylib
0x00000000073bc000 	/System/Library/Frameworks/ApplicationServices.framework/Versions/A/Frameworks/ATS.framework/Versions/A/Resources/libFontRegistry.dylib
0x00000000073bc000 	/System/Library/PrivateFrameworks/AppleVPA.framework/Versions/A/AppleVPA
0x00000000073bc000 	/System/Library/PrivateFrameworks/AppleJPEG.framework/Versions/A/AppleJPEG
0x00000000073bc000 	/System/Library/Frameworks/ImageIO.framework/Versions/A/Resources/libJPEG.dylib
0x00000000073bc000 	/System/Library/Frameworks/ImageIO.framework/Versions/A/Resources/libTIFF.dylib
0x00000000073bc000 	/System/Library/Frameworks/ImageIO.framework/Versions/A/Resources/libPng.dylib
0x00000000073bc000 	/System/Library/Frameworks/ImageIO.framework/Versions/A/Resources/libGIF.dylib
0x00000000073bc000 	/System/Library/Frameworks/ImageIO.framework/Versions/A/Resources/libJP2.dylib
0x00000000073bc000 	/System/Library/Frameworks/ImageIO.framework/Versions/A/Resources/libRadiance.dylib
0x00000000073bc000 	/System/Library/Frameworks/CoreVideo.framework/Versions/A/CoreVideo
0x00000000073bc000 	/System/Library/Frameworks/OpenGL.framework/Versions/A/Libraries/libGLU.dylib
0x00000000073bc000 	/System/Library/Frameworks/OpenGL.framework/Versions/A/Libraries/libGFXShared.dylib
0x00000000073bc000 	/System/Library/Frameworks/OpenGL.framework/Versions/A/Libraries/libGL.dylib
0x00000000073bc000 	/System/Library/Frameworks/OpenGL.framework/Versions/A/Libraries/libGLImage.dylib
0x00000000073bc000 	/System/Library/Frameworks/OpenGL.framework/Versions/A/Libraries/libCVMSPluginSupport.dylib
0x00000000073bc000 	/System/Library/Frameworks/OpenGL.framework/Versions/A/Libraries/libCoreVMClient.dylib
0x00000000073bc000 	/usr/lib/libcups.2.dylib
0x00000000073bc000 	/System/Library/Frameworks/Kerberos.framework/Versions/A/Kerberos
0x00000000073bc000 	/System/Library/Frameworks/GSS.framework/Versions/A/GSS
0x00000000073bc000 	/usr/lib/libresolv.9.dylib
0x00000000073bc000 	/usr/lib/libiconv.2.dylib
0x00000000073bc000 	/System/Library/PrivateFrameworks/Heimdal.framework/Versions/A/Heimdal
0x00000000073bc000 	/usr/lib/libheimdal-asn1.dylib
0x00000000073bc000 	/System/Library/Frameworks/OpenDirectory.framework/Versions/A/OpenDirectory
0x00000000073bc000 	/System/Library/PrivateFrameworks/CommonAuth.framework/Versions/A/CommonAuth
0x00000000073bc000 	/System/Library/Frameworks/OpenDirectory.framework/Versions/A/Frameworks/CFOpenDirectory.framework/Versions/A/CFOpenDirectory
0x00000000073bc000 	/System/Library/Frameworks/SecurityFoundation.framework/Versions/A/SecurityFoundation
0x00000000073bc000 	/System/Library/PrivateFrameworks/LanguageModeling.framework/Versions/A/LanguageModeling
0x00000000073bc000 	/usr/lib/libmarisa.dylib
0x00000000073bc000 	/usr/lib/libChineseTokenizer.dylib
0x00000000073bc000 	/usr/lib/libcmph.dylib
0x00000000073bc000 	/usr/lib/libcompression.dylib
0x00000000073bc000 	/System/Library/Frameworks/ServiceManagement.framework/Versions/A/ServiceManagement
0x00000000073bc000 	/usr/lib/libxslt.1.dylib
0x00000000073bc000 	/System/Library/Frameworks/Carbon.framework/Versions/A/Frameworks/Ink.framework/Versions/A/Ink
0x00000000073bc000 	/usr/lib/libFosl_dynamic.dylib
0x00000000073bc000 	/System/Library/PrivateFrameworks/FaceCore.framework/Versions/A/FaceCore
0x00000000073bc000 	/System/Library/Frameworks/OpenCL.framework/Versions/A/OpenCL
0x00000000073bc000 	/System/Library/PrivateFrameworks/CrashReporterSupport.framework/Versions/A/CrashReporterSupport
0x00000000073bc000 	/System/Library/PrivateFrameworks/IconServices.framework/Versions/A/IconServices
0x00000000073bc000 	/System/Library/PrivateFrameworks/Apple80211.framework/Versions/A/Apple80211
0x00000000073bc000 	/System/Library/Frameworks/CoreWLAN.framework/Versions/A/CoreWLAN
0x00000000073bc000 	/System/Library/Frameworks/IOBluetooth.framework/Versions/A/IOBluetooth
0x00000000073bc000 	/System/Library/PrivateFrameworks/CoreWiFi.framework/Versions/A/CoreWiFi
0x00000000073bc000 	/System/Library/Frameworks/CoreBluetooth.framework/Versions/A/CoreBluetooth
0x00000000073bc000 	/System/Library/PrivateFrameworks/ChunkingLibrary.framework/Versions/A/ChunkingLibrary
0x00000000073bc000 	/System/Library/PrivateFrameworks/DebugSymbols.framework/Versions/A/DebugSymbols
0x00000000073bc000 	/System/Library/PrivateFrameworks/CoreSymbolication.framework/Versions/A/CoreSymbolication
0x00000000073bc000 	/System/Library/PrivateFrameworks/Symbolication.framework/Versions/A/Symbolication
0x00000000073bc000 	/System/Library/PrivateFrameworks/SpeechRecognitionCore.framework/Versions/A/SpeechRecognitionCore
0x0000000101ec9000 	/Library/Java/JavaVirtualMachines/jdk1.7.0_79.jdk/Contents/Home/jre/lib/server/libjvm.dylib
0x00000000073bc000 	/usr/lib/libstdc++.6.dylib
0x0000000102930000 	/Library/Java/JavaVirtualMachines/jdk1.7.0_79.jdk/Contents/Home/jre/lib/libverify.dylib
0x000000010293d000 	/Library/Java/JavaVirtualMachines/jdk1.7.0_79.jdk/Contents/Home/jre/lib/libjava.dylib
0x0000000102977000 	/Library/Java/JavaVirtualMachines/jdk1.7.0_79.jdk/Contents/Home/jre/lib/libzip.dylib
0x0000000109d8b000 	/System/Library/Frameworks/JavaVM.framework/Frameworks/JavaRuntimeSupport.framework/JavaRuntimeSupport
0x00000001029e8000 	/System/Library/Frameworks/JavaVM.framework/Versions/A/Frameworks/JavaNativeFoundation.framework/Versions/A/JavaNativeFoundation
0x0000000109da6000 	/System/Library/Frameworks/JavaVM.framework/Versions/A/JavaVM
0x00000000073bc000 	/System/Library/Frameworks/Carbon.framework/Versions/A/Carbon
0x0000000109db3000 	/System/Library/PrivateFrameworks/JavaLaunching.framework/Versions/A/JavaLaunching
0x00000000073bc000 	/System/Library/Frameworks/Carbon.framework/Versions/A/Frameworks/CommonPanels.framework/Versions/A/CommonPanels
0x00000000073bc000 	/System/Library/Frameworks/Carbon.framework/Versions/A/Frameworks/Help.framework/Versions/A/Help
0x00000000073bc000 	/System/Library/Frameworks/Carbon.framework/Versions/A/Frameworks/ImageCapture.framework/Versions/A/ImageCapture
0x00000000073bc000 	/System/Library/Frameworks/Carbon.framework/Versions/A/Frameworks/OpenScripting.framework/Versions/A/OpenScripting
0x00000000073bc000 	/System/Library/Frameworks/Carbon.framework/Versions/A/Frameworks/Print.framework/Versions/A/Print
0x00000000073bc000 	/System/Library/Frameworks/Carbon.framework/Versions/A/Frameworks/SecurityHI.framework/Versions/A/SecurityHI
0x000000010b85f000 	/Library/Java/JavaVirtualMachines/jdk1.7.0_79.jdk/Contents/Home/jre/lib/libnio.dylib
0x000000010b86e000 	/Library/Java/JavaVirtualMachines/jdk1.7.0_79.jdk/Contents/Home/jre/lib/./libnet.dylib

VM Arguments:
jvm_args: -Xmx1024M -Dfile.encoding=UTF-8 -Duser.country=US -Duser.language=en -Duser.variant 
java_command: com.android.dx.command.Main --dex --num-threads=4 --output /Users/Tersandung/Project/Android/DisabillityTranslator/app/build/intermediates/pre-dexed/debug/internal_impl-23.1.1-9ad0d2adf7434db5241ca1e809648fd4e01c8299.jar /Users/Tersandung/Project/Android/DisabillityTranslator/app/build/intermediates/exploded-aar/com.android.support/support-v4/23.1.1/jars/libs/internal_impl-23.1.1.jar
Launcher Type: SUN_STANDARD

Environment Variables:
PATH=/usr/bin:/bin:/usr/sbin:/sbin
SHELL=/bin/bash

Signal Handlers:
SIGSEGV: [libjvm.dylib+0x52daf1], sa_mask[0]=0xfffefeff, sa_flags=0x00000043
SIGBUS: [libjvm.dylib+0x52daf1], sa_mask[0]=0xfffefeff, sa_flags=0x00000042
SIGFPE: [libjvm.dylib+0x41f34e], sa_mask[0]=0xfffefeff, sa_flags=0x00000042
SIGPIPE: [libjvm.dylib+0x41f34e], sa_mask[0]=0xfffefeff, sa_flags=0x00000042
SIGXFSZ: [libjvm.dylib+0x41f34e], sa_mask[0]=0xfffefeff, sa_flags=0x00000042
SIGILL: [libjvm.dylib+0x41f34e], sa_mask[0]=0xfffefeff, sa_flags=0x00000042
SIGUSR1: SIG_DFL, sa_mask[0]=0x00000000, sa_flags=0x00000000
SIGUSR2: [libjvm.dylib+0x41ee40], sa_mask[0]=0x00000004, sa_flags=0x00000042
SIGHUP: [libjvm.dylib+0x41d0d1], sa_mask[0]=0xfffefeff, sa_flags=0x00000042
SIGINT: [libjvm.dylib+0x41d0d1], sa_mask[0]=0xfffefeff, sa_flags=0x00000042
SIGTERM: [libjvm.dylib+0x41d0d1], sa_mask[0]=0xfffefeff, sa_flags=0x00000042
SIGQUIT: [libjvm.dylib+0x41d0d1], sa_mask[0]=0xfffefeff, sa_flags=0x00000042


---------------  S Y S T E M  ---------------

OS:Bsduname:Darwin 15.0.0 Darwin Kernel Version 15.0.0: Sat Sep 19 15:53:46 PDT 2015; root:xnu-3247.10.11~1/RELEASE_X86_64 x86_64
rlimit: STACK 8192k, CORE 0k, NPROC 709, NOFILE 10240, AS infinity
load average:3.11 2.54 2.11

CPU:total 4 (2 cores per cpu, 2 threads per core) family 6 model 58 stepping 9, cmov, cx8, fxsr, mmx, sse, sse2, sse3, ssse3, sse4.1, sse4.2, popcnt, avx, aes, erms, ht, tsc, tscinvbit, tscinv

Memory: 4k page, physical 8388608k(2097152k free)

/proc/meminfo:


vm_info: Java HotSpot(TM) 64-Bit Server VM (24.79-b02) for bsd-amd64 JRE (1.7.0_79-b15), built on Apr 10 2015 11:35:04 by "java_re" with gcc 4.2.1 (Based on Apple Inc. build 5658) (LLVM build 2336.11.00)

time: Sun Apr 10 16:11:36 2016
elapsed time: 3 seconds

