#
# A fatal error has been detected by the Java Runtime Environment:
#
#  SIGSEGV (0xb) at pc=0x00000001013f22b2, pid=1485, tid=9731
#
# JRE version: Java(TM) SE Runtime Environment (7.0_79-b15) (build 1.7.0_79-b15)
# Java VM: Java HotSpot(TM) 64-Bit Server VM (24.79-b02 mixed mode bsd-amd64 compressed oops)
# Problematic frame:
# V  [libjvm.dylib+0x1f22b2]  oopDesc::size()+0x1e
#
# Failed to write core dump. Core dumps have been disabled. To enable core dumping, try "ulimit -c unlimited" before starting Java again
#
# If you would like to submit a bug report, please visit:
#   http://bugreport.java.com/bugreport/crash.jsp
#

---------------  T H R E A D  ---------------

Current thread (0x00007f9b6900f000):  GCTaskThread [stack: 0x0000700000320000,0x0000700000420000] [id=9731]

siginfo:si_signo=SIGSEGV: si_errno=0, si_code=1 (SEGV_MAPERR), si_addr=0x0000000800000000

Registers:
RAX=0x000000010197c8f0, RBX=0x0000000000000000, RCX=0x0000000000000003, RDX=0x0000000000000001
RSP=0x000070000041fcd0, RBP=0x000070000041fcd0, RSI=0x00000007fffffff8, RDI=0x00000007fffffff8
R8 =0x0000000000000001, R9 =0x0000000000000001, R10=0x0000000003e02201, R11=0xffffffffd3879880
R12=0x000070000041fd84, R13=0x000070000041fd78, R14=0x00007f9b68704ed0, R15=0x00007f9b68704ed0
RIP=0x00000001013f22b2, EFLAGS=0x0000000000010202, ERR=0x0000000000000004
  TRAPNO=0x000000000000000e

Top of Stack: (sp=0x000070000041fcd0)
0x000070000041fcd0:   000070000041fd40 000000010165d2c5
0x000070000041fce0:   000070000041fd20 00000007fffffff8
0x000070000041fcf0:   00007f9b68704ed0 0000000000000000
0x000070000041fd00:   0000000000000001 00007f9b68704ce0
0x000070000041fd10:   000070000041fd78 00000007c015c83d
0x000070000041fd20:   000070000041fd84 000070000041fd78
0x000070000041fd30:   00000007c015c83c 00007f9b68704ed0
0x000070000041fd40:   000070000041fd60 000000010165d6f1
0x000070000041fd50:   0000000000000001 00007f9b6934ddc0
0x000070000041fd60:   000070000041fdb0 000000010165fe7a
0x000070000041fd70:   0000000000000001 00000007c015c83d
0x000070000041fd80:   500e388e0041fdb0 00007f9b6900f000
0x000070000041fd90:   0000000000000000 000000010177edc7
0x000070000041fda0:   00007f9b6934ddc0 0000000000000001
0x000070000041fdb0:   000070000041fe90 000000010146dca3
0x000070000041fdc0:   000070000041fdf0 00007f9b685065e0
0x000070000041fdd0:   00007f9b685071b0 00007f9b685071c0
0x000070000041fde0:   00007f9b68507598 00000000000003d8
0x000070000041fdf0:   00007f9b6900f000 00007f9b68506610
0x000070000041fe00:   00007f9b685075a0 00007f9b685075b0
0x000070000041fe10:   00007f9b68507988 00000000000003d8
0x000070000041fe20:   000070000041fe30 0000000000000000
0x000070000041fe30:   00007f9b6900f000 00007f9b68506610
0x000070000041fe40:   00007f9b685075a0 00007f9b685075b0
0x000070000041fe50:   00007f9b68507988 00000000000003d8
0x000070000041fe60:   00007f9b68504440 00007f9b6900f000
0x000070000041fe70:   000000000002d9e1 0000000000002603
0x000070000041fe80:   00007f9b68507f90 00007f9b68508000
0x000070000041fe90:   000070000041fef0 0000000101621c4e
0x000070000041fea0:   0000000000000000 00007f9b68508000
0x000070000041feb0:   0000000600000000 000000000002d9e1
0x000070000041fec0:   00007000004200e0 0000700000420180 

Instructions: (pc=0x00000001013f22b2)
0x00000001013f2292:   5d c3 55 48 89 e5 48 8d 05 71 d1 61 00 8a 10 84
0x00000001013f22a2:   d2 48 89 fe 74 15 48 8d 05 41 a6 58 00 8a 48 08
0x00000001013f22b2:   8b 7e 08 48 d3 e7 48 03 38 eb 04 48 8b 7e 08 8b
0x00000001013f22c2:   47 18 48 83 c7 10 85 c0 7e 09 a8 01 75 4e c1 f8 

Register to memory mapping:

RAX=0x000000010197c8f0: _ZN8Universe11_narrow_oopE+0 in /Library/Java/JavaVirtualMachines/jdk1.7.0_79.jdk/Contents/Home/jre/lib/server/libjvm.dylib at 0x0000000101200000
RBX=0x0000000000000000 is an unknown value
RCX=0x0000000000000003 is an unknown value
RDX=0x0000000000000001 is an unknown value
RSP=0x000070000041fcd0 is an unknown value
RBP=0x000070000041fcd0 is an unknown value
RSI=0x00000007fffffff8 is an unallocated location in the heap
RDI=0x00000007fffffff8 is an unallocated location in the heap
R8 =0x0000000000000001 is an unknown value
R9 =0x0000000000000001 is an unknown value
R10=0x0000000003e02201 is an unknown value
R11=0xffffffffd3879880 is an unknown value
R12=0x000070000041fd84 is an unknown value
R13=0x000070000041fd78 is an unknown value
R14=0x00007f9b68704ed0 is an unknown value
R15=0x00007f9b68704ed0 is an unknown value


Stack: [0x0000700000320000,0x0000700000420000],  sp=0x000070000041fcd0,  free space=1023k
Native frames: (J=compiled Java code, j=interpreted, Vv=VM code, C=native code)
V  [libjvm.dylib+0x1f22b2]  oopDesc::size()+0x1e
V  [libjvm.dylib+0x45d2c5]  oopDesc* PSPromotionManager::copy_to_survivor_space<false>(oopDesc*)+0x35
V  [libjvm.dylib+0x45d6f1]  PSPromotionManager::process_popped_location_depth(StarTask)+0x73
V  [libjvm.dylib+0x45fe7a]  StealTask::do_it(GCTaskManager*, unsigned int)+0x92
V  [libjvm.dylib+0x26dca3]  GCTaskThread::run()+0x1a1
V  [libjvm.dylib+0x421c4e]  java_start(Thread*)+0x126
C  [libsystem_pthread.dylib+0x39b1]  _pthread_body+0x83
C  [libsystem_pthread.dylib+0x392e]  _pthread_body+0x0
C  [libsystem_pthread.dylib+0x1385]  thread_start+0xd


---------------  P R O C E S S  ---------------

Java Threads: ( => current thread )
  0x00007f9b688c5800 JavaThread "pool-1-thread-4" [_thread_blocked, id=20995, stack(0x00007000012d0000,0x00007000013d0000)]
  0x00007f9b69850000 JavaThread "pool-1-thread-3" [_thread_blocked, id=20483, stack(0x00007000011cd000,0x00007000012cd000)]
  0x00007f9b69849800 JavaThread "pool-1-thread-2" [_thread_blocked, id=19971, stack(0x00007000010ca000,0x00007000011ca000)]
  0x00007f9b68933800 JavaThread "pool-2-thread-1" [_thread_blocked, id=19459, stack(0x0000700000fc7000,0x00007000010c7000)]
  0x00007f9b688f0000 JavaThread "pool-1-thread-1" [_thread_blocked, id=18947, stack(0x0000700000ec4000,0x0000700000fc4000)]
  0x00007f9b69021000 JavaThread "Service Thread" daemon [_thread_blocked, id=17923, stack(0x0000700000cbe000,0x0000700000dbe000)]
  0x00007f9b6981f000 JavaThread "C2 CompilerThread1" daemon [_thread_blocked, id=17411, stack(0x0000700000bbb000,0x0000700000cbb000)]
  0x00007f9b6901d800 JavaThread "C2 CompilerThread0" daemon [_thread_in_native, id=16899, stack(0x0000700000ab8000,0x0000700000bb8000)]
  0x00007f9b6a048800 JavaThread "Signal Dispatcher" daemon [_thread_blocked, id=13071, stack(0x00007000009b5000,0x0000700000ab5000)]
  0x00007f9b6a037800 JavaThread "Finalizer" daemon [_thread_blocked, id=12291, stack(0x000070000082f000,0x000070000092f000)]
  0x00007f9b6a037000 JavaThread "Reference Handler" daemon [_thread_blocked, id=11779, stack(0x000070000072c000,0x000070000082c000)]
  0x00007f9b69002000 JavaThread "main" [_thread_blocked, id=5891, stack(0x000070000011a000,0x000070000021a000)]

Other Threads:
  0x00007f9b6880e000 VMThread [stack: 0x0000700000629000,0x0000700000729000] [id=11267]
  0x00007f9b68815800 WatcherThread [stack: 0x0000700000dc1000,0x0000700000ec1000] [id=18435]

=>0x00007f9b6900f000 (exited) GCTaskThread [stack: 0x0000700000320000,0x0000700000420000] [id=9731]

VM state:at safepoint (normal execution)

VM Mutex/Monitor currently owned by a thread:  ([mutex/lock_event])
[0x00007f9b68501610] Threads_lock - owner thread: 0x00007f9b6880e000
[0x00007f9b68501b10] Heap_lock - owner thread: 0x00007f9b68933800

Heap
 PSYoungGen      total 38912K, used 38890K [0x00000007eaa80000, 0x00000007ef680000, 0x0000000800000000)
  eden space 33792K, 100% used [0x00000007eaa80000,0x00000007ecb80000,0x00000007ecb80000)
  from space 5120K, 99% used [0x00000007ed080000,0x00000007ed57aab8,0x00000007ed580000)
  to   space 5120K, 100% used [0x00000007ecb80000,0x00000007ed080000,0x00000007ed080000)
 ParOldGen       total 87040K, used 12655K [0x00000007c0000000, 0x00000007c5500000, 0x00000007eaa80000)
  object space 87040K, 14% used [0x00000007c0000000,0x00000007c0c5bf10,0x00000007c5500000)
 PSPermGen       total 21504K, used 5942K [0x00000007bae00000, 0x00000007bc300000, 0x00000007c0000000)
  object space 21504K, 27% used [0x00000007bae00000,0x00000007bb3cd948,0x00000007bc300000)

Card table byte_map: [0x0000000104d23000,0x0000000104f4d000] byte_map_base: 0x0000000100f4c000

Polling page: 0x00000001009af000

Code Cache  [0x0000000101c63000, 0x0000000101ed3000, 0x0000000104c63000)
 total_blobs=456 nmethods=227 adapters=183 free_code_cache=48249Kb largest_free_block=49367936

Compilation events (10 events):
Event: 5.542 Thread 0x00007f9b6901d800 nmethod 221 0x0000000101d12710 code [0x0000000101d12860, 0x0000000101d128d8]
Event: 5.542 Thread 0x00007f9b6901d800  222             com.android.dx.ssa.SCCP::run (298 bytes)
Event: 6.428 Thread 0x00007f9b6981f000 nmethod 217 0x0000000101d45390 code [0x0000000101d45980, 0x0000000101d49880]
Event: 6.431 Thread 0x00007f9b6981f000  223             com.android.dx.rop.cst.CstString::compareTo0 (15 bytes)
Event: 6.432 Thread 0x00007f9b6981f000 nmethod 223 0x0000000101d2ba50 code [0x0000000101d2bba0, 0x0000000101d2bd38]
Event: 6.432 Thread 0x00007f9b6981f000  224             com.android.dx.dex.code.OutputFinisher::updateInfo (44 bytes)
Event: 6.439 Thread 0x00007f9b6981f000 nmethod 224 0x0000000101d10490 code [0x0000000101d10600, 0x0000000101d108d8]
Event: 6.439 Thread 0x00007f9b6981f000  225             com.android.dx.dex.code.OutputCollector::add (9 bytes)
Event: 6.542 Thread 0x00007f9b6981f000 nmethod 225 0x0000000101d2ef50 code [0x0000000101d2f100, 0x0000000101d2f610]
Event: 6.542 Thread 0x00007f9b6981f000  226             com.android.dx.dex.code.OutputFinisher::add (15 bytes)

GC Heap History (5 events):
Event: 2.113 GC heap before
{Heap before GC invocations=1 (full 0):
 PSYoungGen      total 38912K, used 33792K [0x00000007eaa80000, 0x00000007ed580000, 0x0000000800000000)
  eden space 33792K, 100% used [0x00000007eaa80000,0x00000007ecb80000,0x00000007ecb80000)
  from space 5120K, 0% used [0x00000007ed080000,0x00000007ed080000,0x00000007ed580000)
  to   space 5120K, 0% used [0x00000007ecb80000,0x00000007ecb80000,0x00000007ed080000)
 ParOldGen       total 87040K, used 0K [0x00000007c0000000, 0x00000007c5500000, 0x00000007eaa80000)
  object space 87040K, 0% used [0x00000007c0000000,0x00000007c0000000,0x00000007c5500000)
 PSPermGen       total 21504K, used 5709K [0x00000007bae00000, 0x00000007bc300000, 0x00000007c0000000)
  object space 21504K, 26% used [0x00000007bae00000,0x00000007bb393410,0x00000007bc300000)
Event: 2.133 GC heap after
Heap after GC invocations=1 (full 0):
 PSYoungGen      total 38912K, used 5110K [0x00000007eaa80000, 0x00000007ed580000, 0x0000000800000000)
  eden space 33792K, 0% used [0x00000007eaa80000,0x00000007eaa80000,0x00000007ecb80000)
  from space 5120K, 99% used [0x00000007ecb80000,0x00000007ed07da60,0x00000007ed080000)
  to   space 5120K, 0% used [0x00000007ed080000,0x00000007ed080000,0x00000007ed580000)
 ParOldGen       total 87040K, used 772K [0x00000007c0000000, 0x00000007c5500000, 0x00000007eaa80000)
  object space 87040K, 0% used [0x00000007c0000000,0x00000007c00c12b8,0x00000007c5500000)
 PSPermGen       total 21504K, used 5709K [0x00000007bae00000, 0x00000007bc300000, 0x00000007c0000000)
  object space 21504K, 26% used [0x00000007bae00000,0x00000007bb393410,0x00000007bc300000)
}
Event: 4.361 GC heap before
{Heap before GC invocations=2 (full 0):
 PSYoungGen      total 38912K, used 38902K [0x00000007eaa80000, 0x00000007ed580000, 0x0000000800000000)
  eden space 33792K, 100% used [0x00000007eaa80000,0x00000007ecb80000,0x00000007ecb80000)
  from space 5120K, 99% used [0x00000007ecb80000,0x00000007ed07da60,0x00000007ed080000)
  to   space 5120K, 0% used [0x00000007ed080000,0x00000007ed080000,0x00000007ed580000)
 ParOldGen       total 87040K, used 772K [0x00000007c0000000, 0x00000007c5500000, 0x00000007eaa80000)
  object space 87040K, 0% used [0x00000007c0000000,0x00000007c00c12b8,0x00000007c5500000)
 PSPermGen       total 21504K, used 5884K [0x00000007bae00000, 0x00000007bc300000, 0x00000007c0000000)
  object space 21504K, 27% used [0x00000007bae00000,0x00000007bb3bf148,0x00000007bc300000)
Event: 4.387 GC heap after
Heap after GC invocations=2 (full 0):
 PSYoungGen      total 38912K, used 5098K [0x00000007eaa80000, 0x00000007ef680000, 0x0000000800000000)
  eden space 33792K, 0% used [0x00000007eaa80000,0x00000007eaa80000,0x00000007ecb80000)
  from space 5120K, 99% used [0x00000007ed080000,0x00000007ed57aab8,0x00000007ed580000)
  to   space 5120K, 0% used [0x00000007ecb80000,0x00000007ecb80000,0x00000007ed080000)
 ParOldGen       total 87040K, used 4389K [0x00000007c0000000, 0x00000007c5500000, 0x00000007eaa80000)
  object space 87040K, 5% used [0x00000007c0000000,0x00000007c04494b0,0x00000007c5500000)
 PSPermGen       total 21504K, used 5884K [0x00000007bae00000, 0x00000007bc300000, 0x00000007c0000000)
  object space 21504K, 27% used [0x00000007bae00000,0x00000007bb3bf148,0x00000007bc300000)
}
Event: 6.592 GC heap before
{Heap before GC invocations=3 (full 0):
 PSYoungGen      total 38912K, used 38890K [0x00000007eaa80000, 0x00000007ef680000, 0x0000000800000000)
  eden space 33792K, 100% used [0x00000007eaa80000,0x00000007ecb80000,0x00000007ecb80000)
  from space 5120K, 99% used [0x00000007ed080000,0x00000007ed57aab8,0x00000007ed580000)
  to   space 5120K, 0% used [0x00000007ecb80000,0x00000007ecb80000,0x00000007ed080000)
 ParOldGen       total 87040K, used 4389K [0x00000007c0000000, 0x00000007c5500000, 0x00000007eaa80000)
  object space 87040K, 5% used [0x00000007c0000000,0x00000007c04494b0,0x00000007c5500000)
 PSPermGen       total 21504K, used 5942K [0x00000007bae00000, 0x00000007bc300000, 0x00000007c0000000)
  object space 21504K, 27% used [0x00000007bae00000,0x00000007bb3cd948,0x00000007bc300000)

Deoptimization events (3 events):
Event: 2.247 Thread 0x00007f9b69850000 Uncommon trap: reason=null_check action=make_not_entrant pc=0x0000000101cfaae8 method=com.android.dx.rop.type.Type.equals(Ljava/lang/Object;)Z @ 8
Event: 4.535 Thread 0x00007f9b688c5800 Uncommon trap: reason=class_check action=maybe_recompile pc=0x0000000101d082c0 method=java.util.HashMap.put(Ljava/lang/Object;Ljava/lang/Object;)Ljava/lang/Object; @ 83
Event: 5.121 Thread 0x00007f9b688f0000 Uncommon trap: reason=null_check action=make_not_entrant pc=0x0000000101d327e8 method=com.android.dx.ssa.SsaRenamer.getLocalForNewReg(I)Lcom/android/dx/rop/code/LocalItem; @ 19

Internal exceptions (10 events):
Event: 2.803 Thread 0x00007f9b69002000 Threw 0x00000007eb53eac0 at /HUDSON/workspace/7u-2-build-macosx-x86_64/jdk7u79/2331/hotspot/src/share/vm/prims/jvm.cpp:1304
Event: 2.966 Thread 0x00007f9b69849800 Threw 0x00000007eb794868 at /HUDSON/workspace/7u-2-build-macosx-x86_64/jdk7u79/2331/hotspot/src/share/vm/prims/jvm.cpp:1304
Event: 2.967 Thread 0x00007f9b69849800 Threw 0x00000007eb79b1f0 at /HUDSON/workspace/7u-2-build-macosx-x86_64/jdk7u79/2331/hotspot/src/share/vm/prims/jvm.cpp:1304
Event: 2.968 Thread 0x00007f9b69849800 Threw 0x00000007eb7a1a30 at /HUDSON/workspace/7u-2-build-macosx-x86_64/jdk7u79/2331/hotspot/src/share/vm/prims/jvm.cpp:1304
Event: 4.402 Thread 0x00007f9b688f0000 Threw 0x00000007eac0d7e0 at /HUDSON/workspace/7u-2-build-macosx-x86_64/jdk7u79/2331/hotspot/src/share/vm/prims/jvm.cpp:1304
Event: 5.045 Thread 0x00007f9b69002000 Threw 0x00000007eb6aeda0 at /HUDSON/workspace/7u-2-build-macosx-x86_64/jdk7u79/2331/hotspot/src/share/vm/prims/jvm.cpp:1304
Event: 5.046 Thread 0x00007f9b69002000 Threw 0x00000007eb6b2358 at /HUDSON/workspace/7u-2-build-macosx-x86_64/jdk7u79/2331/hotspot/src/share/vm/prims/jvm.cpp:1304
Event: 5.048 Thread 0x00007f9b688c5800 Threw 0x00000007eb6f8918 at /HUDSON/workspace/7u-2-build-macosx-x86_64/jdk7u79/2331/hotspot/src/share/vm/prims/jvm.cpp:1304
Event: 5.121 Thread 0x00007f9b688f0000 Implicit null exception at 0x0000000101d30e16 to 0x0000000101d327c5
Event: 5.127 Thread 0x00007f9b688f0000 Threw 0x00000007eb872570 at /HUDSON/workspace/7u-2-build-macosx-x86_64/jdk7u79/2331/hotspot/src/share/vm/prims/jvm.cpp:1304

Events (10 events):
Event: 5.046 loading class 0x00007f9b686281f0
Event: 5.046 loading class 0x00007f9b686281f0 done
Event: 5.047 loading class 0x00007f9b685269c0
Event: 5.047 loading class 0x00007f9b685269c0 done
Event: 5.121 Thread 0x00007f9b688f0000 Uncommon trap: trap_request=0xfffffff4 fr.pc=0x0000000101d327e8
Event: 5.121 Thread 0x00007f9b688f0000 DEOPT PACKING pc=0x0000000101d327e8 sp=0x0000700000fc3100
Event: 5.121 Thread 0x00007f9b688f0000 DEOPT UNPACKING pc=0x0000000101c9c045 sp=0x0000700000fc2e98 mode 2
Event: 5.126 loading class 0x00007f9b6852a680
Event: 5.127 loading class 0x00007f9b6852a680 done
Event: 6.560 Executing VM operation: ParallelGCFailedAllocation


Dynamic libraries:
0x0000000002ebe000 	/System/Library/Frameworks/Cocoa.framework/Versions/A/Cocoa
0x0000000002ebe000 	/System/Library/Frameworks/Security.framework/Versions/A/Security
0x0000000002ebe000 	/System/Library/Frameworks/ApplicationServices.framework/Versions/A/ApplicationServices
0x0000000002ebe000 	/usr/lib/libz.1.dylib
0x0000000002ebe000 	/usr/lib/libSystem.B.dylib
0x0000000002ebe000 	/usr/lib/libobjc.A.dylib
0x0000000002ebe000 	/System/Library/Frameworks/CoreFoundation.framework/Versions/A/CoreFoundation
0x0000000002ebe000 	/System/Library/Frameworks/Foundation.framework/Versions/C/Foundation
0x0000000002ebe000 	/System/Library/Frameworks/AppKit.framework/Versions/C/AppKit
0x0000000002ebe000 	/System/Library/Frameworks/CoreData.framework/Versions/A/CoreData
0x0000000002ebe000 	/System/Library/PrivateFrameworks/RemoteViewServices.framework/Versions/A/RemoteViewServices
0x0000000002ebe000 	/System/Library/PrivateFrameworks/UIFoundation.framework/Versions/A/UIFoundation
0x0000000002ebe000 	/usr/lib/libScreenReader.dylib
0x0000000002ebe000 	/System/Library/Frameworks/Accelerate.framework/Versions/A/Accelerate
0x0000000002ebe000 	/System/Library/Frameworks/IOSurface.framework/Versions/A/IOSurface
0x0000000002ebe000 	/System/Library/Frameworks/AudioToolbox.framework/Versions/A/AudioToolbox
0x0000000002ebe000 	/System/Library/Frameworks/AudioUnit.framework/Versions/A/AudioUnit
0x0000000002ebe000 	/System/Library/PrivateFrameworks/DataDetectorsCore.framework/Versions/A/DataDetectorsCore
0x0000000002ebe000 	/System/Library/PrivateFrameworks/DesktopServicesPriv.framework/Versions/A/DesktopServicesPriv
0x0000000002ebe000 	/System/Library/Frameworks/Carbon.framework/Versions/A/Frameworks/HIToolbox.framework/Versions/A/HIToolbox
0x0000000002ebe000 	/System/Library/Frameworks/QuartzCore.framework/Versions/A/QuartzCore
0x0000000002ebe000 	/System/Library/Frameworks/Carbon.framework/Versions/A/Frameworks/SpeechRecognition.framework/Versions/A/SpeechRecognition
0x0000000002ebe000 	/usr/lib/libauto.dylib
0x0000000002ebe000 	/usr/lib/libicucore.A.dylib
0x0000000002ebe000 	/usr/lib/libxml2.2.dylib
0x0000000002ebe000 	/System/Library/PrivateFrameworks/CoreUI.framework/Versions/A/CoreUI
0x0000000002ebe000 	/System/Library/Frameworks/CoreAudio.framework/Versions/A/CoreAudio
0x0000000002ebe000 	/System/Library/Frameworks/DiskArbitration.framework/Versions/A/DiskArbitration
0x0000000002ebe000 	/usr/lib/liblangid.dylib
0x0000000002ebe000 	/System/Library/PrivateFrameworks/MultitouchSupport.framework/Versions/A/MultitouchSupport
0x0000000002ebe000 	/System/Library/Frameworks/IOKit.framework/Versions/A/IOKit
0x0000000002ebe000 	/usr/lib/libDiagnosticMessagesClient.dylib
0x0000000002ebe000 	/System/Library/Frameworks/CoreServices.framework/Versions/A/CoreServices
0x0000000002ebe000 	/System/Library/PrivateFrameworks/PerformanceAnalysis.framework/Versions/A/PerformanceAnalysis
0x0000000002ebe000 	/System/Library/PrivateFrameworks/GenerationalStorage.framework/Versions/A/GenerationalStorage
0x0000000002ebe000 	/System/Library/Frameworks/OpenGL.framework/Versions/A/OpenGL
0x0000000002ebe000 	/System/Library/PrivateFrameworks/Sharing.framework/Versions/A/Sharing
0x0000000002ebe000 	/System/Library/Frameworks/CoreGraphics.framework/Versions/A/CoreGraphics
0x0000000002ebe000 	/System/Library/Frameworks/CoreImage.framework/Versions/A/CoreImage
0x0000000002ebe000 	/System/Library/Frameworks/CoreText.framework/Versions/A/CoreText
0x0000000002ebe000 	/System/Library/Frameworks/ImageIO.framework/Versions/A/ImageIO
0x0000000002ebe000 	/System/Library/PrivateFrameworks/Backup.framework/Versions/A/Backup
0x0000000002ebe000 	/usr/lib/libextension.dylib
0x0000000002ebe000 	/usr/lib/libarchive.2.dylib
0x0000000002ebe000 	/System/Library/Frameworks/CFNetwork.framework/Versions/A/CFNetwork
0x0000000002ebe000 	/System/Library/Frameworks/SystemConfiguration.framework/Versions/A/SystemConfiguration
0x0000000002ebe000 	/usr/lib/libCRFSuite.dylib
0x0000000002ebe000 	/usr/lib/libc++.1.dylib
0x0000000002ebe000 	/usr/lib/libc++abi.dylib
0x0000000002ebe000 	/usr/lib/system/libcache.dylib
0x0000000002ebe000 	/usr/lib/system/libcommonCrypto.dylib
0x0000000002ebe000 	/usr/lib/system/libcompiler_rt.dylib
0x0000000002ebe000 	/usr/lib/system/libcopyfile.dylib
0x0000000002ebe000 	/usr/lib/system/libcorecrypto.dylib
0x0000000002ebe000 	/usr/lib/system/libdispatch.dylib
0x0000000002ebe000 	/usr/lib/system/libdyld.dylib
0x0000000002ebe000 	/usr/lib/system/libkeymgr.dylib
0x0000000002ebe000 	/usr/lib/system/liblaunch.dylib
0x0000000002ebe000 	/usr/lib/system/libmacho.dylib
0x0000000002ebe000 	/usr/lib/system/libquarantine.dylib
0x0000000002ebe000 	/usr/lib/system/libremovefile.dylib
0x0000000002ebe000 	/usr/lib/system/libsystem_asl.dylib
0x0000000002ebe000 	/usr/lib/system/libsystem_blocks.dylib
0x0000000002ebe000 	/usr/lib/system/libsystem_c.dylib
0x0000000002ebe000 	/usr/lib/system/libsystem_configuration.dylib
0x0000000002ebe000 	/usr/lib/system/libsystem_coreservices.dylib
0x0000000002ebe000 	/usr/lib/system/libsystem_coretls.dylib
0x0000000002ebe000 	/usr/lib/system/libsystem_dnssd.dylib
0x0000000002ebe000 	/usr/lib/system/libsystem_info.dylib
0x0000000002ebe000 	/usr/lib/system/libsystem_kernel.dylib
0x0000000002ebe000 	/usr/lib/system/libsystem_m.dylib
0x0000000002ebe000 	/usr/lib/system/libsystem_malloc.dylib
0x0000000002ebe000 	/usr/lib/system/libsystem_network.dylib
0x0000000002ebe000 	/usr/lib/system/libsystem_networkextension.dylib
0x0000000002ebe000 	/usr/lib/system/libsystem_notify.dylib
0x0000000002ebe000 	/usr/lib/system/libsystem_platform.dylib
0x0000000002ebe000 	/usr/lib/system/libsystem_pthread.dylib
0x0000000002ebe000 	/usr/lib/system/libsystem_sandbox.dylib
0x0000000002ebe000 	/usr/lib/system/libsystem_secinit.dylib
0x0000000002ebe000 	/usr/lib/system/libsystem_trace.dylib
0x0000000002ebe000 	/usr/lib/system/libunc.dylib
0x0000000002ebe000 	/usr/lib/system/libunwind.dylib
0x0000000002ebe000 	/usr/lib/system/libxpc.dylib
0x0000000002ebe000 	/usr/lib/libenergytrace.dylib
0x0000000002ebe000 	/usr/lib/libbsm.0.dylib
0x0000000002ebe000 	/usr/lib/system/libkxld.dylib
0x0000000002ebe000 	/usr/lib/libxar.1.dylib
0x0000000002ebe000 	/usr/lib/libsqlite3.dylib
0x0000000002ebe000 	/usr/lib/libpam.2.dylib
0x0000000002ebe000 	/usr/lib/libOpenScriptingUtil.dylib
0x0000000002ebe000 	/usr/lib/libbz2.1.0.dylib
0x0000000002ebe000 	/usr/lib/liblzma.5.dylib
0x0000000002ebe000 	/System/Library/Frameworks/CoreServices.framework/Versions/A/Frameworks/FSEvents.framework/Versions/A/FSEvents
0x0000000002ebe000 	/System/Library/Frameworks/CoreServices.framework/Versions/A/Frameworks/CarbonCore.framework/Versions/A/CarbonCore
0x0000000002ebe000 	/System/Library/Frameworks/CoreServices.framework/Versions/A/Frameworks/Metadata.framework/Versions/A/Metadata
0x0000000002ebe000 	/System/Library/Frameworks/CoreServices.framework/Versions/A/Frameworks/OSServices.framework/Versions/A/OSServices
0x0000000002ebe000 	/System/Library/Frameworks/CoreServices.framework/Versions/A/Frameworks/SearchKit.framework/Versions/A/SearchKit
0x0000000002ebe000 	/System/Library/Frameworks/CoreServices.framework/Versions/A/Frameworks/AE.framework/Versions/A/AE
0x0000000002ebe000 	/System/Library/Frameworks/CoreServices.framework/Versions/A/Frameworks/LaunchServices.framework/Versions/A/LaunchServices
0x0000000002ebe000 	/System/Library/Frameworks/CoreServices.framework/Versions/A/Frameworks/DictionaryServices.framework/Versions/A/DictionaryServices
0x0000000002ebe000 	/System/Library/Frameworks/CoreServices.framework/Versions/A/Frameworks/SharedFileList.framework/Versions/A/SharedFileList
0x0000000002ebe000 	/System/Library/Frameworks/NetFS.framework/Versions/A/NetFS
0x0000000002ebe000 	/System/Library/PrivateFrameworks/NetAuth.framework/Versions/A/NetAuth
0x0000000002ebe000 	/System/Library/PrivateFrameworks/login.framework/Versions/A/Frameworks/loginsupport.framework/Versions/A/loginsupport
0x0000000002ebe000 	/System/Library/PrivateFrameworks/TCC.framework/Versions/A/TCC
0x0000000002ebe000 	/usr/lib/libmecabra.dylib
0x0000000002ebe000 	/System/Library/Frameworks/ApplicationServices.framework/Versions/A/Frameworks/ATS.framework/Versions/A/ATS
0x0000000002ebe000 	/System/Library/Frameworks/ApplicationServices.framework/Versions/A/Frameworks/ColorSync.framework/Versions/A/ColorSync
0x0000000002ebe000 	/System/Library/Frameworks/ApplicationServices.framework/Versions/A/Frameworks/HIServices.framework/Versions/A/HIServices
0x0000000002ebe000 	/System/Library/Frameworks/ApplicationServices.framework/Versions/A/Frameworks/LangAnalysis.framework/Versions/A/LangAnalysis
0x0000000002ebe000 	/System/Library/Frameworks/ApplicationServices.framework/Versions/A/Frameworks/PrintCore.framework/Versions/A/PrintCore
0x0000000002ebe000 	/System/Library/Frameworks/ApplicationServices.framework/Versions/A/Frameworks/QD.framework/Versions/A/QD
0x0000000002ebe000 	/System/Library/Frameworks/ApplicationServices.framework/Versions/A/Frameworks/SpeechSynthesis.framework/Versions/A/SpeechSynthesis
0x0000000002ebe000 	/System/Library/Frameworks/Metal.framework/Versions/A/Metal
0x0000000002ebe000 	/System/Library/Frameworks/Accelerate.framework/Versions/A/Frameworks/vImage.framework/Versions/A/vImage
0x0000000002ebe000 	/System/Library/Frameworks/Accelerate.framework/Versions/A/Frameworks/vecLib.framework/Versions/A/vecLib
0x0000000002ebe000 	/System/Library/Frameworks/Accelerate.framework/Versions/A/Frameworks/vecLib.framework/Versions/A/libvDSP.dylib
0x0000000002ebe000 	/System/Library/Frameworks/Accelerate.framework/Versions/A/Frameworks/vecLib.framework/Versions/A/libvMisc.dylib
0x0000000002ebe000 	/System/Library/Frameworks/Accelerate.framework/Versions/A/Frameworks/vecLib.framework/Versions/A/libLAPACK.dylib
0x0000000002ebe000 	/System/Library/Frameworks/Accelerate.framework/Versions/A/Frameworks/vecLib.framework/Versions/A/libBLAS.dylib
0x0000000002ebe000 	/System/Library/Frameworks/Accelerate.framework/Versions/A/Frameworks/vecLib.framework/Versions/A/libLinearAlgebra.dylib
0x0000000002ebe000 	/System/Library/Frameworks/Accelerate.framework/Versions/A/Frameworks/vecLib.framework/Versions/A/libSparseBLAS.dylib
0x0000000002ebe000 	/System/Library/PrivateFrameworks/GPUCompiler.framework/libmetal_timestamp.dylib
0x0000000002ebe000 	/System/Library/Frameworks/OpenGL.framework/Versions/A/Libraries/libCoreFSCache.dylib
0x0000000002ebe000 	/System/Library/PrivateFrameworks/IOAccelerator.framework/Versions/A/IOAccelerator
0x0000000002ebe000 	/System/Library/Frameworks/ApplicationServices.framework/Versions/A/Frameworks/ATS.framework/Versions/A/Resources/libFontParser.dylib
0x0000000002ebe000 	/System/Library/Frameworks/ApplicationServices.framework/Versions/A/Frameworks/ATS.framework/Versions/A/Resources/libFontRegistry.dylib
0x0000000002ebe000 	/System/Library/PrivateFrameworks/AppleVPA.framework/Versions/A/AppleVPA
0x0000000002ebe000 	/System/Library/PrivateFrameworks/AppleJPEG.framework/Versions/A/AppleJPEG
0x0000000002ebe000 	/System/Library/Frameworks/ImageIO.framework/Versions/A/Resources/libJPEG.dylib
0x0000000002ebe000 	/System/Library/Frameworks/ImageIO.framework/Versions/A/Resources/libTIFF.dylib
0x0000000002ebe000 	/System/Library/Frameworks/ImageIO.framework/Versions/A/Resources/libPng.dylib
0x0000000002ebe000 	/System/Library/Frameworks/ImageIO.framework/Versions/A/Resources/libGIF.dylib
0x0000000002ebe000 	/System/Library/Frameworks/ImageIO.framework/Versions/A/Resources/libJP2.dylib
0x0000000002ebe000 	/System/Library/Frameworks/ImageIO.framework/Versions/A/Resources/libRadiance.dylib
0x0000000002ebe000 	/System/Library/Frameworks/CoreVideo.framework/Versions/A/CoreVideo
0x0000000002ebe000 	/System/Library/Frameworks/OpenGL.framework/Versions/A/Libraries/libGLU.dylib
0x0000000002ebe000 	/System/Library/Frameworks/OpenGL.framework/Versions/A/Libraries/libGFXShared.dylib
0x0000000002ebe000 	/System/Library/Frameworks/OpenGL.framework/Versions/A/Libraries/libGL.dylib
0x0000000002ebe000 	/System/Library/Frameworks/OpenGL.framework/Versions/A/Libraries/libGLImage.dylib
0x0000000002ebe000 	/System/Library/Frameworks/OpenGL.framework/Versions/A/Libraries/libCVMSPluginSupport.dylib
0x0000000002ebe000 	/System/Library/Frameworks/OpenGL.framework/Versions/A/Libraries/libCoreVMClient.dylib
0x0000000002ebe000 	/usr/lib/libcups.2.dylib
0x0000000002ebe000 	/System/Library/Frameworks/Kerberos.framework/Versions/A/Kerberos
0x0000000002ebe000 	/System/Library/Frameworks/GSS.framework/Versions/A/GSS
0x0000000002ebe000 	/usr/lib/libresolv.9.dylib
0x0000000002ebe000 	/usr/lib/libiconv.2.dylib
0x0000000002ebe000 	/System/Library/PrivateFrameworks/Heimdal.framework/Versions/A/Heimdal
0x0000000002ebe000 	/usr/lib/libheimdal-asn1.dylib
0x0000000002ebe000 	/System/Library/Frameworks/OpenDirectory.framework/Versions/A/OpenDirectory
0x0000000002ebe000 	/System/Library/PrivateFrameworks/CommonAuth.framework/Versions/A/CommonAuth
0x0000000002ebe000 	/System/Library/Frameworks/OpenDirectory.framework/Versions/A/Frameworks/CFOpenDirectory.framework/Versions/A/CFOpenDirectory
0x0000000002ebe000 	/System/Library/Frameworks/SecurityFoundation.framework/Versions/A/SecurityFoundation
0x0000000002ebe000 	/System/Library/PrivateFrameworks/LanguageModeling.framework/Versions/A/LanguageModeling
0x0000000002ebe000 	/usr/lib/libmarisa.dylib
0x0000000002ebe000 	/usr/lib/libChineseTokenizer.dylib
0x0000000002ebe000 	/usr/lib/libcmph.dylib
0x0000000002ebe000 	/usr/lib/libcompression.dylib
0x0000000002ebe000 	/System/Library/Frameworks/ServiceManagement.framework/Versions/A/ServiceManagement
0x0000000002ebe000 	/usr/lib/libxslt.1.dylib
0x0000000002ebe000 	/System/Library/Frameworks/Carbon.framework/Versions/A/Frameworks/Ink.framework/Versions/A/Ink
0x0000000002ebe000 	/usr/lib/libFosl_dynamic.dylib
0x0000000002ebe000 	/System/Library/PrivateFrameworks/FaceCore.framework/Versions/A/FaceCore
0x0000000002ebe000 	/System/Library/Frameworks/OpenCL.framework/Versions/A/OpenCL
0x0000000002ebe000 	/System/Library/PrivateFrameworks/CrashReporterSupport.framework/Versions/A/CrashReporterSupport
0x0000000002ebe000 	/System/Library/PrivateFrameworks/IconServices.framework/Versions/A/IconServices
0x0000000002ebe000 	/System/Library/PrivateFrameworks/Apple80211.framework/Versions/A/Apple80211
0x0000000002ebe000 	/System/Library/Frameworks/CoreWLAN.framework/Versions/A/CoreWLAN
0x0000000002ebe000 	/System/Library/Frameworks/IOBluetooth.framework/Versions/A/IOBluetooth
0x0000000002ebe000 	/System/Library/PrivateFrameworks/CoreWiFi.framework/Versions/A/CoreWiFi
0x0000000002ebe000 	/System/Library/Frameworks/CoreBluetooth.framework/Versions/A/CoreBluetooth
0x0000000002ebe000 	/System/Library/PrivateFrameworks/ChunkingLibrary.framework/Versions/A/ChunkingLibrary
0x0000000002ebe000 	/System/Library/PrivateFrameworks/DebugSymbols.framework/Versions/A/DebugSymbols
0x0000000002ebe000 	/System/Library/PrivateFrameworks/CoreSymbolication.framework/Versions/A/CoreSymbolication
0x0000000002ebe000 	/System/Library/PrivateFrameworks/Symbolication.framework/Versions/A/Symbolication
0x0000000002ebe000 	/System/Library/PrivateFrameworks/SpeechRecognitionCore.framework/Versions/A/SpeechRecognitionCore
0x0000000101200000 	/Library/Java/JavaVirtualMachines/jdk1.7.0_79.jdk/Contents/Home/jre/lib/server/libjvm.dylib
0x0000000002ebe000 	/usr/lib/libstdc++.6.dylib
0x0000000100972000 	/Library/Java/JavaVirtualMachines/jdk1.7.0_79.jdk/Contents/Home/jre/lib/libverify.dylib
0x000000010097f000 	/Library/Java/JavaVirtualMachines/jdk1.7.0_79.jdk/Contents/Home/jre/lib/libjava.dylib
0x00000001009b9000 	/Library/Java/JavaVirtualMachines/jdk1.7.0_79.jdk/Contents/Home/jre/lib/libzip.dylib
0x000000010882c000 	/System/Library/Frameworks/JavaVM.framework/Frameworks/JavaRuntimeSupport.framework/JavaRuntimeSupport
0x0000000108847000 	/System/Library/Frameworks/JavaVM.framework/Versions/A/Frameworks/JavaNativeFoundation.framework/Versions/A/JavaNativeFoundation
0x00000001009ec000 	/System/Library/Frameworks/JavaVM.framework/Versions/A/JavaVM
0x0000000002ebe000 	/System/Library/Frameworks/Carbon.framework/Versions/A/Carbon
0x000000010885c000 	/System/Library/PrivateFrameworks/JavaLaunching.framework/Versions/A/JavaLaunching
0x0000000002ebe000 	/System/Library/Frameworks/Carbon.framework/Versions/A/Frameworks/CommonPanels.framework/Versions/A/CommonPanels
0x0000000002ebe000 	/System/Library/Frameworks/Carbon.framework/Versions/A/Frameworks/Help.framework/Versions/A/Help
0x0000000002ebe000 	/System/Library/Frameworks/Carbon.framework/Versions/A/Frameworks/ImageCapture.framework/Versions/A/ImageCapture
0x0000000002ebe000 	/System/Library/Frameworks/Carbon.framework/Versions/A/Frameworks/OpenScripting.framework/Versions/A/OpenScripting
0x0000000002ebe000 	/System/Library/Frameworks/Carbon.framework/Versions/A/Frameworks/Print.framework/Versions/A/Print
0x0000000002ebe000 	/System/Library/Frameworks/Carbon.framework/Versions/A/Frameworks/SecurityHI.framework/Versions/A/SecurityHI
0x000000010a304000 	/Library/Java/JavaVirtualMachines/jdk1.7.0_79.jdk/Contents/Home/jre/lib/libnio.dylib
0x000000010a313000 	/Library/Java/JavaVirtualMachines/jdk1.7.0_79.jdk/Contents/Home/jre/lib/./libnet.dylib

VM Arguments:
jvm_args: -Xmx1024M -Dfile.encoding=UTF-8 -Duser.country=US -Duser.language=en -Duser.variant 
java_command: com.android.dx.command.Main --dex --num-threads=4 --output /Users/Tersandung/Project/Android/DisabillityTranslator/app/build/intermediates/pre-dexed/debug/internal_impl-23.1.1-9ad0d2adf7434db5241ca1e809648fd4e01c8299.jar /Users/Tersandung/Project/Android/DisabillityTranslator/app/build/intermediates/exploded-aar/com.android.support/support-v4/23.1.1/jars/libs/internal_impl-23.1.1.jar
Launcher Type: SUN_STANDARD

Environment Variables:
PATH=/usr/bin:/bin:/usr/sbin:/sbin
SHELL=/bin/bash

Signal Handlers:
SIGSEGV: [libjvm.dylib+0x52daf1], sa_mask[0]=0xfffefeff, sa_flags=0x00000043
SIGBUS: [libjvm.dylib+0x52daf1], sa_mask[0]=0xfffefeff, sa_flags=0x00000042
SIGFPE: [libjvm.dylib+0x41f34e], sa_mask[0]=0xfffefeff, sa_flags=0x00000042
SIGPIPE: [libjvm.dylib+0x41f34e], sa_mask[0]=0xfffefeff, sa_flags=0x00000042
SIGXFSZ: [libjvm.dylib+0x41f34e], sa_mask[0]=0xfffefeff, sa_flags=0x00000042
SIGILL: [libjvm.dylib+0x41f34e], sa_mask[0]=0xfffefeff, sa_flags=0x00000042
SIGUSR1: SIG_DFL, sa_mask[0]=0x00000000, sa_flags=0x00000000
SIGUSR2: [libjvm.dylib+0x41ee40], sa_mask[0]=0x00000004, sa_flags=0x00000042
SIGHUP: [libjvm.dylib+0x41d0d1], sa_mask[0]=0xfffefeff, sa_flags=0x00000042
SIGINT: [libjvm.dylib+0x41d0d1], sa_mask[0]=0xfffefeff, sa_flags=0x00000042
SIGTERM: [libjvm.dylib+0x41d0d1], sa_mask[0]=0xfffefeff, sa_flags=0x00000042
SIGQUIT: [libjvm.dylib+0x41d0d1], sa_mask[0]=0xfffefeff, sa_flags=0x00000042


---------------  S Y S T E M  ---------------

OS:Bsduname:Darwin 15.0.0 Darwin Kernel Version 15.0.0: Sat Sep 19 15:53:46 PDT 2015; root:xnu-3247.10.11~1/RELEASE_X86_64 x86_64
rlimit: STACK 8192k, CORE 0k, NPROC 709, NOFILE 10240, AS infinity
load average:6.23 4.51 3.06

CPU:total 4 (2 cores per cpu, 2 threads per core) family 6 model 58 stepping 9, cmov, cx8, fxsr, mmx, sse, sse2, sse3, ssse3, sse4.1, sse4.2, popcnt, avx, aes, erms, ht, tsc, tscinvbit, tscinv

Memory: 4k page, physical 8388608k(2097152k free)

/proc/meminfo:


vm_info: Java HotSpot(TM) 64-Bit Server VM (24.79-b02) for bsd-amd64 JRE (1.7.0_79-b15), built on Apr 10 2015 11:35:04 by "java_re" with gcc 4.2.1 (Based on Apple Inc. build 5658) (LLVM build 2336.11.00)

time: Thu May 19 14:08:16 2016
elapsed time: 6 seconds

